<?xml version="1.0" encoding="UTF-8"?>
<testng-results skipped="0" failed="0" total="2" passed="2">
  <reporter-output>
  </reporter-output>
  <suite name="Default suite" duration-ms="37" started-at="2016-02-27T00:51:43Z" finished-at="2016-02-27T00:51:43Z">
    <groups>
    </groups>
    <test name="Default test" duration-ms="37" started-at="2016-02-27T00:51:43Z" finished-at="2016-02-27T00:51:43Z">
      <class name="com.main.testng.ScannerAddTest">
        <test-method status="PASS" signature="negaitve()[pri:0, instance:com.main.testng.ScannerAddTest@629f0666]" name="negaitve" duration-ms="14" started-at="2016-02-26T16:51:43Z" finished-at="2016-02-26T16:51:43Z">
          <reporter-output>
          </reporter-output>
        </test-method> <!-- negaitve -->
        <test-method status="PASS" signature="positive()[pri:0, instance:com.main.testng.ScannerAddTest@629f0666]" name="positive" duration-ms="4" started-at="2016-02-26T16:51:43Z" finished-at="2016-02-26T16:51:43Z">
          <reporter-output>
          </reporter-output>
        </test-method> <!-- positive -->
      </class> <!-- com.main.testng.ScannerAddTest -->
    </test> <!-- Default test -->
  </suite> <!-- Default suite -->
</testng-results>
